[2026-05-04 22:50:16] =================================================================
[2026-05-04 22:50:16] asymsplit_scan.py  非対称分割誤差スキャン
[2026-05-04 22:50:16] Python 3.13.12  workers=12
[2026-05-04 22:50:16] g=[8, 10]  N_cut=1  delta=[0.1, 0.2, 0.3, 0.4, 0.5, 0.6, 0.7, 0.8, 0.9, 1.0]  N_seed=100
[2026-05-04 22:50:16]   g=8 splits: [(1, 7), (2, 6), (3, 5), (4, 4)]
[2026-05-04 22:50:16]   g=10 splits: [(1, 9), (2, 8), (3, 7), (4, 6), (5, 5)]
[2026-05-04 22:50:16] 総タスク数: 2000 (g×delta×seed = 2×10×100)
[2026-05-04 22:50:16] =================================================================
[2026-05-04 22:50:16] 実行対象: 2000 / 2000 ケース
[2026-05-04 22:50:17] [100/2000] (5.0%) g=8 δ=0.3 seed_i= 22 sym_log10=-12.63
[2026-05-04 22:50:17] [200/2000] (10.0%) g=8 δ=0.2 seed_i= 58 sym_log10=-14.35
[2026-05-04 22:50:17] [300/2000] (15.0%) g=8 δ=0.4 seed_i= 81 sym_log10=-14.77
[2026-05-04 22:50:17] [400/2000] (20.0%) g=8 δ=0.4 seed_i= 58 sym_log10=-15.95
[2026-05-04 22:50:18] [500/2000] (25.0%) g=8 δ=0.6 seed_i= 81 sym_log10=-12.64
[2026-05-04 22:50:18]   → 中間保存: 500 件
[2026-05-04 22:50:18] [600/2000] (30.0%) g=8 δ=0.6 seed_i= 17 sym_log10=-15.95
[2026-05-04 22:50:18] [700/2000] (35.0%) g=8 δ=0.8 seed_i= 81 sym_log10=-14.01
[2026-05-04 22:50:18] [800/2000] (40.0%) g=8 δ=0.8 seed_i= 17 sym_log10=-15.31
[2026-05-04 22:50:18] [900/2000] (45.0%) g=8 δ=0.9 seed_i= 58 sym_log10=-15.25
[2026-05-04 22:50:22] [1000/2000] (50.0%) g=8 δ=1.0 seed_i= 99 sym_log10=-12.98
[2026-05-04 22:50:22]   → 中間保存: 1000 件
[2026-05-04 22:50:24] [1100/2000] (55.0%) g=10 δ=0.4 seed_i=  4 sym_log10=-20.88
[2026-05-04 22:50:24] [1200/2000] (60.0%) g=10 δ=0.5 seed_i= 45 sym_log10=-15.65
[2026-05-04 22:50:24] [1300/2000] (65.0%) g=10 δ=0.2 seed_i= 35 sym_log10=-15.95
[2026-05-04 22:50:24] [1400/2000] (70.0%) g=10 δ=0.4 seed_i= 17 sym_log10=-15.35
[2026-05-04 22:50:28] [1500/2000] (75.0%) g=10 δ=0.5 seed_i= 99 sym_log10=-15.65
[2026-05-04 22:50:29]   → 中間保存: 1500 件
[2026-05-04 22:50:30] [1600/2000] (80.0%) g=10 δ=0.6 seed_i= 58 sym_log10=-15.35
[2026-05-04 22:50:30] [1700/2000] (85.0%) g=10 δ=0.7 seed_i= 58 sym_log10=-15.65
[2026-05-04 22:50:30] [1800/2000] (90.0%) g=10 δ=0.8 seed_i= 58 sym_log10=-18.13
[2026-05-04 22:50:30] [1900/2000] (95.0%) g=10 δ=1.0 seed_i= 40 sym_log10=-20.24
[2026-05-04 22:50:32] [2000/2000] (100.0%) g=10 δ=1.0 seed_i= 99 sym_log10=-17.71
[2026-05-04 22:50:32]   → 中間保存: 2000 件
[2026-05-04 22:50:32] =================================================================
[2026-05-04 22:50:32] 完了: 2000 ケース  0.3 分
[2026-05-04 22:50:32] 
[2026-05-04 22:50:32]    g    split  median(δ-avg)     mean    std
[2026-05-04 22:50:32] --------------------------------------------------
[2026-05-04 22:50:32]    8 (1,7)            -14.13   -14.30   1.99  
[2026-05-04 22:50:32]    8 (2,6)            -13.48   -13.77   1.77  
[2026-05-04 22:50:32]    8 (3,5)            -13.58   -13.75   1.53  
[2026-05-04 22:50:32]    8 (4,4)            -14.89   -14.89   1.69  ←等分
[2026-05-04 22:50:32] 
[2026-05-04 22:50:32]   10 (1,9)            -15.95   -17.02   2.39  
[2026-05-04 22:50:32]   10 (2,8)            -15.95   -16.69   1.89  
[2026-05-04 22:50:32]   10 (3,7)            -15.73   -16.28   1.54  
[2026-05-04 22:50:32]   10 (4,6)            -15.91   -16.64   1.83  
[2026-05-04 22:50:32]   10 (5,5)            -15.94   -17.11   2.21  ←等分
[2026-05-04 22:50:32] 
[2026-05-04 22:51:59] =================================================================
[2026-05-04 22:51:59] asymsplit_scan.py  非対称分割誤差スキャン
[2026-05-04 22:51:59] Python 3.13.12  workers=12
[2026-05-04 22:51:59] g=[12]  N_cut=1  delta=[0.1, 0.2, 0.3, 0.4, 0.5, 0.6, 0.7, 0.8, 0.9, 1.0]  N_seed=100
[2026-05-04 22:51:59]   g=12 splits: [(1, 11), (2, 10), (3, 9), (4, 8), (5, 7), (6, 6)]
[2026-05-04 22:51:59] 総タスク数: 1000 (g×delta×seed = 1×10×100)
[2026-05-04 22:51:59] =================================================================
[2026-05-04 22:51:59] 実行対象: 1000 / 1000 ケース
[2026-05-04 22:52:33] [100/1000] (10.0%) g=12 δ=0.2 seed_i= 99 sym_log10=-21.74
[2026-05-04 22:52:34] [200/1000] (20.0%) g=12 δ=0.2 seed_i= 59 sym_log10=-15.65
[2026-05-04 22:53:07] [300/1000] (30.0%) g=12 δ=0.3 seed_i= 79 sym_log10=-22.01
[2026-05-04 22:53:08] [400/1000] (40.0%) g=12 δ=0.4 seed_i= 99 sym_log10=-15.35
[2026-05-04 22:53:40] [500/1000] (50.0%) g=12 δ=0.5 seed_i= 99 sym_log10=-15.65
[2026-05-04 22:53:41]   → 中間保存: 500 件
[2026-05-04 22:53:41] [600/1000] (60.0%) g=12 δ=0.6 seed_i= 99 sym_log10=-24.93
[2026-05-04 22:53:42] [700/1000] (70.0%) g=12 δ=0.7 seed_i= 99 sym_log10=-24.78
[2026-05-04 22:54:15] [800/1000] (80.0%) g=12 δ=0.8 seed_i= 79 sym_log10=-15.35
[2026-05-04 22:54:16] [900/1000] (90.0%) g=12 δ=0.9 seed_i= 59 sym_log10=-15.65
[2026-05-04 22:54:29] [1000/1000] (100.0%) g=12 δ=1.0 seed_i= 79 sym_log10=-15.95
[2026-05-04 22:54:29]   → 中間保存: 1000 件
[2026-05-04 22:54:30] =================================================================
[2026-05-04 22:54:30] 完了: 1000 ケース  2.5 分
[2026-05-04 22:54:30] 
[2026-05-04 22:54:30]    g    split  median(δ-avg)     mean    std
[2026-05-04 22:54:30] --------------------------------------------------
[2026-05-04 22:54:30]   12 (1,11)            -15.95   -18.52   3.60  
[2026-05-04 22:54:30]   12 (2,10)            -16.29   -18.23   3.12  
[2026-05-04 22:54:30]   12 (3,9)            -15.96   -17.86   2.81  
[2026-05-04 22:54:30]   12 (4,8)            -16.16   -18.10   2.98  
[2026-05-04 22:54:30]   12 (5,7)            -16.02   -18.00   3.15  
[2026-05-04 22:54:30]   12 (6,6)            -16.31   -19.12   4.01  ←等分
[2026-05-04 22:54:30] 
