[2026-05-04 22:07:07] =================================================================
[2026-05-04 22:07:07] cancellation_scan.py  打ち消し効果定量化スキャン
[2026-05-04 22:07:07] Python 3.13.12  workers=12
[2026-05-04 22:07:07] g=[8, 10, 12, 14]  N_cut=1  delta=[0.1, 0.2, 0.3, 0.4, 0.5, 0.6, 0.7, 0.8, 0.9, 1.0]
[2026-05-04 22:07:07] N_seed=100  総ケース数=4000
[2026-05-04 22:07:07] resume=False
[2026-05-04 22:07:07] =================================================================
[2026-05-04 22:07:07] 実行対象: 4000 / 4000 ケース
[2026-05-04 22:07:08] [100/4000] (2.5%) g=8 δ=0.1 seed_i= 16 log10_err=-20.15
[2026-05-04 22:07:08] [200/4000] (5.0%) g=8 δ=0.4 seed_i= 65 log10_err=-12.71
[2026-05-04 22:07:08] [300/4000] (7.5%) g=8 δ=0.2 seed_i= 33 log10_err=-12.14
[2026-05-04 22:07:08] [400/4000] (10.0%) g=8 δ=0.3 seed_i= 33 log10_err=-13.96
[2026-05-04 22:07:08] [500/4000] (12.5%) g=8 δ=0.9 seed_i= 31 log10_err=-12.84
[2026-05-04 22:07:08]   → 中間保存: 500 件完了
[2026-05-04 22:07:08] [600/4000] (15.0%) g=8 δ=1.0 seed_i= 31 log10_err=-14.39
[2026-05-04 22:07:08] [700/4000] (17.5%) g=8 δ=0.5 seed_i= 50 log10_err=-15.46
[2026-05-04 22:07:08] [800/4000] (20.0%) g=8 δ=0.8 seed_i= 99 log10_err=-13.04
[2026-05-04 22:07:08] [900/4000] (22.5%) g=8 δ=0.4 seed_i= 18 log10_err=-15.95
[2026-05-04 22:07:17] [1000/4000] (25.0%) g=8 δ=1.0 seed_i= 99 log10_err=-12.43
[2026-05-04 22:07:17]   → 中間保存: 1000 件完了
[2026-05-04 22:07:17] [1100/4000] (27.5%) g=10 δ=0.7 seed_i= 80 log10_err=-15.35
[2026-05-04 22:07:17] [1200/4000] (30.0%) g=10 δ=0.6 seed_i= 31 log10_err=-15.95
[2026-05-04 22:07:17] [1300/4000] (32.5%) g=10 δ=0.9 seed_i= 80 log10_err=-15.95
[2026-05-04 22:07:17] [1400/4000] (35.0%) g=10 δ=0.2 seed_i= 50 log10_err=-17.40
[2026-05-04 22:07:17] [1500/4000] (37.5%) g=10 δ=1.0 seed_i= 14 log10_err=-15.95
[2026-05-04 22:07:17]   → 中間保存: 1500 件完了
[2026-05-04 22:07:17] [1600/4000] (40.0%) g=10 δ=0.5 seed_i= 33 log10_err=-15.95
[2026-05-04 22:07:17] [1700/4000] (42.5%) g=10 δ=0.4 seed_i= 67 log10_err=-15.65
[2026-05-04 22:07:17] [1800/4000] (45.0%) g=10 δ=0.7 seed_i= 33 log10_err=-15.70
[2026-05-04 22:07:17] [1900/4000] (47.5%) g=10 δ=0.3 seed_i= 35 log10_err=-17.38
[2026-05-04 22:08:44] [2000/4000] (50.0%) g=10 δ=1.0 seed_i= 99 log10_err=-15.95
[2026-05-04 22:08:44]   → 中間保存: 2000 件完了
[2026-05-04 22:08:53] [2100/4000] (52.5%) g=12 δ=0.4 seed_i= 48 log10_err=-24.98
[2026-05-04 22:08:53] [2200/4000] (55.0%) g=12 δ=0.7 seed_i= 14 log10_err=-15.95
[2026-05-04 22:08:53] [2300/4000] (57.5%) g=12 δ=0.5 seed_i= 65 log10_err=-15.65
[2026-05-04 22:08:53] [2400/4000] (60.0%) g=12 δ=0.3 seed_i= 33 log10_err=-21.15
[2026-05-04 22:08:53] [2500/4000] (62.5%) g=12 δ=0.1 seed_i= 84 log10_err=-21.11
[2026-05-04 22:08:53]   → 中間保存: 2500 件完了
[2026-05-04 22:08:53] [2600/4000] (65.0%) g=12 δ=0.3 seed_i= 67 log10_err=-15.95
[2026-05-04 22:08:54] [2700/4000] (67.5%) g=12 δ=0.7 seed_i= 99 log10_err=-23.49
[2026-05-04 22:08:54] [2800/4000] (70.0%) g=12 δ=0.6 seed_i= 50 log10_err=-23.81
[2026-05-04 22:08:54] [2900/4000] (72.5%) g=12 δ=0.9 seed_i= 99 log10_err=-15.35
[2026-05-04 22:23:11] [3000/4000] (75.0%) g=12 δ=1.0 seed_i= 99 log10_err=-15.95
[2026-05-04 22:23:11]   → 中間保存: 3000 件完了
[2026-05-04 22:25:26] [3100/4000] (77.5%) g=14 δ=0.4 seed_i= 48 log10_err=-15.95
[2026-05-04 22:25:28] [3200/4000] (80.0%) g=14 δ=0.3 seed_i= 82 log10_err=-15.65
[2026-05-04 22:25:29] [3300/4000] (82.5%) g=14 δ=0.3 seed_i= 16 log10_err=-15.95
[2026-05-04 22:25:29] [3400/4000] (85.0%) g=14 δ=0.2 seed_i= 50 log10_err=-15.65
[2026-05-04 22:25:31] [3500/4000] (87.5%) g=14 δ=0.5 seed_i= 16 log10_err=-23.23
[2026-05-04 22:25:31]   → 中間保存: 3500 件完了
[2026-05-04 22:25:32] [3600/4000] (90.0%) g=14 δ=0.6 seed_i= 99 log10_err=-15.65
[2026-05-04 22:25:34] [3700/4000] (92.5%) g=14 δ=0.7 seed_i= 99 log10_err=-28.60
[2026-05-04 22:25:34] [3800/4000] (95.0%) g=14 δ=0.8 seed_i= 99 log10_err=-15.65
[2026-05-04 22:25:36] [3900/4000] (97.5%) g=14 δ=1.0 seed_i= 82 log10_err=-15.35
[2026-05-04 22:25:52] [4000/4000] (100.0%) g=14 δ=1.0 seed_i= 99 log10_err=-26.77
[2026-05-04 22:25:52]   → 中間保存: 4000 件完了
[2026-05-04 22:25:52] =================================================================
[2026-05-04 22:25:52] 完了: 4000 ケース  経過時間 18.8 分
[2026-05-04 22:25:52] 出力: cancellation_results.json
[2026-05-04 22:25:52] =================================================================
[2026-05-04 22:25:52] 
[2026-05-04 22:25:52]    g  delta   median     mean    std      min      max
[2026-05-04 22:25:52] -------------------------------------------------------
[2026-05-04 22:25:52]    8    0.1   -15.14   -15.08   1.37   -20.15   -11.91
[2026-05-04 22:25:52]    8    0.2   -15.04   -14.93   1.60   -20.00   -11.63
[2026-05-04 22:25:52]    8    0.3   -15.35   -15.28   1.62   -20.38   -12.22
[2026-05-04 22:25:52]    8    0.4   -14.71   -14.92   1.72   -19.28   -11.94
[2026-05-04 22:25:52]    8    0.5   -14.66   -14.73   1.45   -19.77   -11.59
[2026-05-04 22:25:52]    8    0.6   -14.82   -14.81   1.98   -23.10   -11.44
[2026-05-04 22:25:52]    8    0.7   -14.73   -14.78   1.63   -19.88   -11.86
[2026-05-04 22:25:52]    8    0.8   -14.86   -14.92   1.93   -20.77   -11.26
[2026-05-04 22:25:52]    8    0.9   -14.94   -14.79   1.51   -19.38   -11.83
[2026-05-04 22:25:52]    8    1.0   -14.94   -14.69   1.73   -19.99   -11.53
[2026-05-04 22:25:52]   10    0.1   -15.95   -16.97   2.30   -24.89   -14.18
[2026-05-04 22:25:52]   10    0.2   -15.95   -17.20   2.24   -24.78   -15.35
[2026-05-04 22:25:52]   10    0.3   -15.95   -17.26   2.30   -23.68   -14.57
[2026-05-04 22:25:52]   10    0.4   -15.95   -16.84   1.84   -23.68   -14.88
[2026-05-04 22:25:52]   10    0.5   -15.95   -16.64   1.82   -23.06   -15.18
[2026-05-04 22:25:52]   10    0.6   -15.95   -16.66   1.87   -22.97   -13.52
[2026-05-04 22:25:52]   10    0.7   -15.95   -16.79   1.89   -22.88   -14.38
[2026-05-04 22:25:52]   10    0.8   -15.65   -16.73   2.08   -24.98   -15.16
[2026-05-04 22:25:52]   10    0.9   -15.95   -16.91   2.04   -22.95   -15.04
[2026-05-04 22:25:52]   10    1.0   -15.95   -17.33   2.54   -26.97   -15.31
[2026-05-04 22:25:52]   12    0.1   -15.95   -18.97   3.99   -28.42   -15.18
[2026-05-04 22:25:52]   12    0.2   -15.95   -18.26   3.47   -26.95   -15.35
[2026-05-04 22:25:52]   12    0.3   -15.95   -18.92   3.95   -28.90   -15.18
[2026-05-04 22:25:52]   12    0.4   -15.95   -19.32   4.13   -28.90   -15.35
[2026-05-04 22:25:52]   12    0.5   -15.95   -19.04   4.22   -30.10   -15.18
[2026-05-04 22:25:52]   12    0.6   -15.95   -19.31   3.99   -28.90   -15.35
[2026-05-04 22:25:52]   12    0.7   -15.95   -18.44   3.73   -29.86   -15.35
[2026-05-04 22:25:52]   12    0.8   -15.95   -18.93   3.92   -27.69   -15.35
[2026-05-04 22:25:52]   12    0.9   -15.95   -18.49   3.72   -29.20   -15.35
[2026-05-04 22:25:52]   12    1.0   -15.95   -17.92   3.58   -27.78   -15.35
[2026-05-04 22:25:52]   14    0.1   -15.95   -20.35   5.92   -30.53   -15.18
[2026-05-04 22:25:52]   14    0.2   -15.95   -19.98   5.65   -31.01   -15.26
[2026-05-04 22:25:52]   14    0.3   -15.95   -20.02   5.43   -30.23   -15.35
[2026-05-04 22:25:52]   14    0.4   -15.95   -20.54   5.67   -30.72   -15.35
[2026-05-04 22:25:52]   14    0.5   -15.95   -20.48   5.61   -31.31   -15.35
[2026-05-04 22:25:52]   14    0.6   -15.95   -20.71   5.86   -31.43   -15.35
[2026-05-04 22:25:52]   14    0.7   -15.98   -20.71   5.71   -32.27   -15.18
[2026-05-04 22:25:52]   14    0.8   -15.95   -19.98   5.64   -30.71   -15.35
[2026-05-04 22:25:52]   14    0.9   -15.95   -20.25   5.51   -30.10   -15.18
[2026-05-04 22:25:52]   14    1.0   -15.95   -19.68   5.29   -30.10   -15.18
