[2026-05-05 06:14:05] =================================================================
[2026-05-05 06:14:05] omega_fixed_scan2.py  g=10異常追加調査
[2026-05-05 06:14:05] workers=12  総Omegaケース=210  総theta計算=21,000
[2026-05-05 06:14:05]   g=9: omega_idx 0〜9 (10個)
[2026-05-05 06:14:05]   g=10: omega_idx 10〜49 (40個)
[2026-05-05 06:14:05]   g=11: omega_idx 0〜9 (10個)
[2026-05-05 06:14:05]   g=12: omega_idx 0〜9 (10個)
[2026-05-05 06:14:05] =================================================================
[2026-05-05 06:14:05] 実行対象: 210 / 210
[2026-05-05 06:14:19] [ 10/210] (4.8%) g=9 δ=0.1 oi= 9 median=-15.95 std=0.60
[2026-05-05 06:14:19] [ 20/210] (9.5%) g=9 δ=1.0 oi= 3 median=-15.93 std=0.60
[2026-05-05 06:14:33] [ 30/210] (14.3%) g=9 δ=1.0 oi= 9 median=-15.93 std=0.53
[2026-05-05 06:14:33]   → 中間保存 30件
[2026-05-05 06:14:48] [ 40/210] (19.0%) g=10 δ=0.1 oi=19 median=-21.78 std=3.24
[2026-05-05 06:15:00] [ 50/210] (23.8%) g=10 δ=0.1 oi=29 median=-15.95 std=2.46
[2026-05-05 06:15:00] [ 60/210] (28.6%) g=10 δ=0.1 oi=39 median=-19.04 std=1.81
[2026-05-05 06:15:01]   → 中間保存 60件
[2026-05-05 06:15:01] [ 70/210] (33.3%) g=10 δ=0.5 oi=13 median=-15.95 std=1.02
[2026-05-05 06:15:16] [ 80/210] (38.1%) g=10 δ=0.5 oi=19 median=-15.95 std=1.53
[2026-05-05 06:15:31] [ 90/210] (42.9%) g=10 δ=0.5 oi=25 median=-15.95 std=1.30
[2026-05-05 06:15:31]   → 中間保存 90件
[2026-05-05 06:15:42] [100/210] (47.6%) g=10 δ=0.5 oi=39 median=-15.63 std=0.33
[2026-05-05 06:15:43] [110/210] (52.4%) g=10 δ=0.5 oi=49 median=-15.95 std=1.65
[2026-05-05 06:15:44] [120/210] (57.1%) g=10 δ=1.0 oi=19 median=-15.65 std=1.37
[2026-05-05 06:15:45]   → 中間保存 120件
[2026-05-05 06:16:14] [130/210] (61.9%) g=10 δ=1.0 oi=29 median=-15.95 std=2.17
[2026-05-05 06:16:16] [140/210] (66.7%) g=10 δ=1.0 oi=39 median=-15.80 std=1.39
[2026-05-05 06:17:15] [150/210] (71.4%) g=10 δ=1.0 oi=49 median=-15.95 std=2.84
[2026-05-05 06:17:16]   → 中間保存 150件
[2026-05-05 06:18:06] [160/210] (76.2%) g=11 δ=0.1 oi= 5 median=-15.95 std=3.80
[2026-05-05 06:18:11] [170/210] (81.0%) g=11 δ=0.5 oi= 9 median=-15.95 std=2.46
[2026-05-05 06:18:34] [180/210] (85.7%) g=11 δ=1.0 oi= 9 median=-15.95 std=2.67
[2026-05-05 06:18:34]   → 中間保存 180件
[2026-05-05 06:22:08] [190/210] (90.5%) g=12 δ=0.5 oi= 1 median=-15.95 std=4.71
[2026-05-05 06:22:31] [200/210] (95.2%) g=12 δ=0.5 oi= 7 median=-15.95 std=3.43
[2026-05-05 06:22:53] [210/210] (100.0%) g=12 δ=1.0 oi= 7 median=-15.95 std=2.53
[2026-05-05 06:22:53]   → 中間保存 210件
[2026-05-05 06:22:53] =================================================================
[2026-05-05 06:22:53] 完了: 210件  8.8分
[2026-05-05 06:22:53] 
[2026-05-05 06:22:53]    g  delta  global_med   within   between    range
[2026-05-05 06:22:53] -------------------------------------------------------
[2026-05-05 06:22:53]    9    0.1      -15.65     1.00      0.92     2.62
[2026-05-05 06:22:53]    9    0.5      -15.35     1.03      0.85     2.21
[2026-05-05 06:22:53]    9    1.0      -15.65     0.72      0.46     1.57
[2026-05-05 06:22:53] 
[2026-05-05 06:22:53]   10    0.1      -15.95     1.83      1.04     6.14
[2026-05-05 06:22:53]   10    0.5      -15.95     1.76      0.09     0.37
[2026-05-05 06:22:53]   10    1.0      -15.95     1.87      0.71     5.03
[2026-05-05 06:22:53] 
[2026-05-05 06:22:53]   11    0.1      -15.95     2.89      0.05     0.15
[2026-05-05 06:22:53]   11    0.5      -15.95     2.38      0.00     0.00
[2026-05-05 06:22:53]   11    1.0      -15.95     2.90      2.11     7.03
[2026-05-05 06:22:53] 
[2026-05-05 06:22:53]   12    0.1      -15.95     3.77      2.76     8.01
[2026-05-05 06:22:53]   12    0.5      -15.95     4.13      4.42    13.09
[2026-05-05 06:22:53]   12    1.0      -15.95     3.08      1.59     5.29
[2026-05-05 06:22:53] 
