[2026-05-05 02:47:55] =================================================================
[2026-05-05 02:47:55] omega_fixed_scan.py  Omega固定・z変更 依存性分離スキャン
[2026-05-05 02:47:55] Python 3.13.12  workers=12
[2026-05-05 02:47:55] g=[8, 10, 12, 14]  N_cut=1  delta=[0.1, 0.5, 1.0]
[2026-05-05 02:47:55] N_omega=10  N_z=100  総Omegaケース=120
[2026-05-05 02:47:55] 総theta計算数=12,000  (naive+s22)
[2026-05-05 02:47:55] =================================================================
[2026-05-05 02:47:55] 実行対象: 120 / 120 Omega ケース (12,000 theta計算)
[2026-05-05 02:47:57] [ 10/120] (8.3%) g=8 δ=0.5 omega_idx= 9 median=-11.14 std=0.17
[2026-05-05 02:47:57] [ 20/120] (16.7%) g=8 δ=0.5 omega_idx= 5 median=-15.65 std=0.46
[2026-05-05 02:47:59] [ 30/120] (25.0%) g=8 δ=1.0 omega_idx= 5 median=-11.36 std=0.21
[2026-05-05 02:47:59]   → 中間保存: 30 Omega ケース完了
[2026-05-05 02:48:18] [ 40/120] (33.3%) g=10 δ=0.5 omega_idx= 7 median=-15.95 std=1.05
[2026-05-05 02:48:20] [ 50/120] (41.7%) g=10 δ=0.5 omega_idx= 9 median=-15.95 std=1.71
[2026-05-05 02:48:42] [ 60/120] (50.0%) g=10 δ=1.0 omega_idx= 7 median=-15.95 std=2.07
[2026-05-05 02:48:42]   → 中間保存: 60 Omega ケース完了
[2026-05-05 02:52:12] [ 70/120] (58.3%) g=12 δ=0.5 omega_idx= 3 median=-23.37 std=4.01
[2026-05-05 02:52:35] [ 80/120] (66.7%) g=12 δ=0.5 omega_idx= 9 median=-22.04 std=3.33
[2026-05-05 02:56:07] [ 90/120] (75.0%) g=12 δ=1.0 omega_idx= 9 median=-15.95 std=1.90
[2026-05-05 02:56:07]   → 中間保存: 90 Omega ケース完了
[2026-05-05 03:32:14] [100/120] (83.3%) g=14 δ=0.1 omega_idx= 5 median=-15.95 std=5.82
[2026-05-05 03:34:16] [110/120] (91.7%) g=14 δ=0.5 omega_idx= 9 median=-31.15 std=6.64
[2026-05-05 03:49:06] [120/120] (100.0%) g=14 δ=1.0 omega_idx= 9 median=-15.95 std=6.05
[2026-05-05 03:49:06]   → 中間保存: 120 Omega ケース完了
[2026-05-05 03:49:06] =================================================================
[2026-05-05 03:49:06] 完了: 120 Omega ケース  61.2 分
[2026-05-05 03:49:06] 
[2026-05-05 03:49:06] 【分散分解サマリー】
[2026-05-05 03:49:06]   within_std  = z を変えたときの誤差変動 (z依存性)
[2026-05-05 03:49:06]   between_std = Omega を変えたときの中央値変動 (Omega依存性)
[2026-05-05 03:49:06] 
[2026-05-05 03:49:06]    g  delta  global_med  within_std  between_std  omega_range
[2026-05-05 03:49:06] --------------------------------------------------------------
[2026-05-05 03:49:06]    8    0.1      -15.65        0.78         0.95         3.07
[2026-05-05 03:49:06]    8    0.5      -14.07        0.29         1.59         4.79
[2026-05-05 03:49:06]    8    1.0      -14.32        0.40         1.70         4.60
[2026-05-05 03:49:06] 
[2026-05-05 03:49:06]   10    0.1      -15.95        2.33         0.00         0.00
[2026-05-05 03:49:06]   10    0.5      -15.95        1.55         0.11         0.38
[2026-05-05 03:49:06]   10    1.0      -15.95        2.00         0.00         0.01
[2026-05-05 03:49:06] 
[2026-05-05 03:49:06]   12    0.1      -15.95        3.67         3.33         9.63
[2026-05-05 03:49:06]   12    0.5      -15.95        3.04         2.91         7.42
[2026-05-05 03:49:06]   12    1.0      -15.95        3.95         4.29        11.08
[2026-05-05 03:49:06] 
[2026-05-05 03:49:06]   14    0.1      -15.95        5.40         2.75         8.84
[2026-05-05 03:49:06]   14    0.5      -15.95        5.14         4.91        15.20
[2026-05-05 03:49:06]   14    1.0      -15.95        5.29         5.61        15.35
[2026-05-05 03:49:06] 
